<?xml version="1.0" encoding="UTF-8"?>
<testsuite name="Probar la busqueda en Google" tests="1" skipped="0" failures="0" errors="0" timestamp="2023-05-17T03:14:39" hostname="ronalolates-MacBook-Pro.local" time="4.209">
  <properties/>
  <testcase name="Busco algo en Google" classname="Probar la busqueda en Google" time="4.209"/>
  <system-out><![CDATA[]]></system-out>
  <system-err><![CDATA[SLF4J: Failed to load class "org.slf4j.impl.StaticLoggerBinder".
SLF4J: Defaulting to no-operation (NOP) logger implementation
SLF4J: See http://www.slf4j.org/codes.html#StaticLoggerBinder for further details.
Starting ChromeDriver 113.0.5672.63 (0e1a4471d5ae5bf128b1bd8f4d627c8cbd55f70c-refs/branch-heads/5672@{#912}) on port 47970
Only local connections are allowed.
Please see https://chromedriver.chromium.org/security-considerations for suggestions on keeping ChromeDriver safe.
ChromeDriver was started successfully.
may. 16, 2023 11:14:42 P. M. org.openqa.selenium.devtools.CdpVersionFinder findNearestMatch
ADVERTENCIA: Unable to find an exact match for CDP version 113, so returning the closest version found: 111
]]></system-err>
</testsuite>
